<?xml version="1.0" encoding="UTF-8"?>
<testng-results ignored="0" total="1" passed="1" failed="0" skipped="0">
  <reporter-output>
  </reporter-output>
  <suite started-at="2023-12-08T11:23:22 IST" name="Default suite" finished-at="2023-12-08T11:24:11 IST" duration-ms="49416">
    <groups>
    </groups>
    <test started-at="2023-12-08T11:23:22 IST" name="Default test" finished-at="2023-12-08T11:24:11 IST" duration-ms="49416">
      <class name="Testpkg.Testclass">
        <test-method is-config="true" signature="setUp()[pri:0, instance:Testpkg.Testclass@7b36aa0c]" started-at="2023-12-08T11:23:22 IST" name="setUp" finished-at="2023-12-08T11:23:37 IST" duration-ms="14822" status="PASS">
          <reporter-output>
          </reporter-output>
        </test-method> <!-- setUp -->
        <test-method signature="test()[pri:0, instance:Testpkg.Testclass@7b36aa0c]" started-at="2023-12-08T11:23:37 IST" name="test" finished-at="2023-12-08T11:24:11 IST" duration-ms="34465" status="PASS">
          <reporter-output>
          </reporter-output>
        </test-method> <!-- test -->
      </class> <!-- Testpkg.Testclass -->
    </test> <!-- Default test -->
  </suite> <!-- Default suite -->
</testng-results>
